<?xml version="1.0" encoding="UTF-8"?>
<!-- Generated by org.testng.reporters.JUnitReportReporter -->
<testsuite hostname="DESKTOP-GFO15FD" failures="0" tests="2" name="totalPricesValidation" time="0.247" errors="0" timestamp="2022-10-17T13:49:10 CDT" skipped="0">
  <testcase classname="totalPricesValidation" name="titleAndPrice" time="0.103"/>
  <system-out/>
  <testcase classname="totalPricesValidation" name="sumOfCourses" time="0.144"/>
  <system-out/>
</testsuite> <!-- totalPricesValidation -->
