<?xml version="1.0" encoding="UTF-8"?>
<!-- Generated by org.testng.reporters.JUnitReportReporter -->
<testsuite hostname="DESKTOP-GFO15FD" failures="0" tests="2" name="files.totalPricesValidation" time="0.257" errors="0" timestamp="2022-10-17T14:24:16 CDT" skipped="0">
  <testcase classname="files.totalPricesValidation" name="titleAndPrice" time="0.105"/>
  <system-out/>
  <testcase classname="files.totalPricesValidation" name="sumOfCourses" time="0.152"/>
  <system-out/>
</testsuite> <!-- files.totalPricesValidation -->
