<?xml version="1.0" encoding="UTF-8"?>
<!-- Generated by org.testng.reporters.JUnitReportReporter -->
<testsuite hostname="DESKTOP-GFO15FD" failures="0" tests="1" name="totalPricesValidation" time="1.661" errors="0" timestamp="2022-10-16T14:50:33 CDT" skipped="0">
  <testcase classname="totalPricesValidation" name="sumOfCourses" time="1.661"/>
  <system-out/>
</testsuite> <!-- totalPricesValidation -->
