<?xml version="1.0" encoding="UTF-8"?>
<!-- Generated by org.testng.reporters.JUnitReportReporter -->
<testsuite hostname="DESKTOP-GFO15FD" failures="0" tests="3" name="files.dynamicJson" time="30.006" errors="0" timestamp="2022-10-18T14:40:26 CDT" skipped="0">
  <testcase classname="files.dynamicJson" name="addBook" time="15.686"/>
  <system-out/>
  <testcase classname="files.dynamicJson" name="addBook" time="5.351"/>
  <system-out/>
  <testcase classname="files.dynamicJson" name="addBook" time="8.969"/>
  <system-out/>
</testsuite> <!-- files.dynamicJson -->
