<?xml version="1.0" encoding="UTF-8"?>
<!-- Generated by org.testng.reporters.JUnitReportReporter -->
<testsuite hostname="DESKTOP-GFO15FD" failures="0" tests="3" name="files.dynamicJson" time="9.264" errors="0" timestamp="2022-10-18T14:13:30 CDT" skipped="0">
  <testcase classname="files.dynamicJson" name="addBook" time="1.975"/>
  <system-out/>
  <testcase classname="files.dynamicJson" name="addBook" time="2.005"/>
  <system-out/>
  <testcase classname="files.dynamicJson" name="addBook" time="5.284"/>
  <system-out/>
</testsuite> <!-- files.dynamicJson -->
